build/app/intermediates/manifest_merge_blame_file/debug/manifest-merger-blame-debug-report.txt
1<?xml version="1.0" encoding="utf-8"?>
2<manifest xmlns:android="http://schemas.android.com/apk/res/android"
3    package="com.sahi.promotionApp"
4    android:versionCode="1"
5    android:versionName="1.0.0" >
6
7    <uses-sdk
8        android:minSdkVersion="16"
9        android:targetSdkVersion="30" />
10    <!--
11         Flutter needs it to communicate with the running application
12         to allow setting breakpoints, to provide hot reload, etc.
13    -->
14    <uses-permission android:name="android.permission.INTERNET" />
14-->src/main/AndroidManifest.xml:2:2-64
14-->src/main/AndroidManifest.xml:2:19-61
15    <uses-permission android:name="android.permission.WRITE_EXTERNAL_STORAGE" />
15-->src/main/AndroidManifest.xml:3:2-78
15-->src/main/AndroidManifest.xml:3:19-75
16    <uses-permission android:name="android.permission.READ_EXTERNAL_STORAGE" />
16-->src/main/AndroidManifest.xml:4:2-77
16-->src/main/AndroidManifest.xml:4:19-74
17
18    <queries>
18-->[:flutter_social_content_share] AndroidManifest.xml:7:5-10:15
19        <package android:name="com.instagram.android" />
19-->[:flutter_social_content_share] AndroidManifest.xml:8:9-57
19-->[:flutter_social_content_share] AndroidManifest.xml:8:18-54
20        <package android:name="com.whatsapp" />
20-->[:flutter_social_content_share] AndroidManifest.xml:9:9-48
20-->[:flutter_social_content_share] AndroidManifest.xml:9:18-45
21    </queries>
22
23    <uses-permission android:name="android.permission.ACCESS_NETWORK_STATE" />
23-->[com.google.firebase:firebase-auth:21.0.1] AndroidManifest.xml:24:5-79
23-->[com.google.firebase:firebase-auth:21.0.1] AndroidManifest.xml:24:22-76
24
25    <application
25-->src/main/AndroidManifest.xml:6:2-69:16
26        android:name="androidx.multidex.MultiDexApplication"
27        android:appComponentFactory="androidx.core.app.CoreComponentFactory"
27-->[androidx.core:core:1.1.0] AndroidManifest.xml:24:18-86
28        android:debuggable="true"
29        android:icon="@mipmap/ic_launcher"
29-->src/main/AndroidManifest.xml:6:35-69
30        android:label="AMS"
30-->src/main/AndroidManifest.xml:6:15-34
31        android:supportsRtl="true" >
31-->[com.facebook.android:facebook-share:5.9.0] AndroidManifest.xml:28:18-44
32
33        <!-- <activity android:name=".MainActivity" android:launchMode="singleTop" android:theme="@style/LaunchTheme" android:configChanges="orientation|keyboardHidden|keyboard|screenSize|smallestScreenSize|locale|layoutDirection|fontScale|screenLayout|density|uiMode" android:hardwareAccelerated="true" android:windowSoftInputMode="adjustResize"> -->
34        <!-- &lt;!&ndash; -->
35        <!-- Specifies an Android theme to apply to this Activity as soon as -->
36        <!-- the Android process has started. This theme is visible to the user -->
37        <!-- while the Flutter UI initializes. After that, this theme continues -->
38        <!-- to determine the Window background behind the Flutter UI. -->
39        <!-- &ndash;&gt; -->
40        <!-- <meta-data android:name="io.flutter.embedding.android.NormalTheme" android:resource="@style/NormalTheme" /> -->
41        <!-- &lt;!&ndash; -->
42        <!-- Displays an Android View that continues showing the launch screen -->
43        <!-- Drawable until Flutter paints its first frame, then this splash -->
44        <!-- screen fades out. A splash screen is useful to avoid any visual -->
45        <!-- gap between the end of Android's launch screen and the painting of -->
46        <!-- Flutter's first frame. -->
47        <!-- &ndash;&gt; -->
48        <!-- <meta-data android:name="io.flutter.embedding.android.SplashScreenDrawable" android:resource="@drawable/launch_background" /> -->
49        <!-- <intent-filter> -->
50        <!-- <action android:name="android.intent.action.MAIN" /> -->
51        <!-- <category android:name="android.intent.category.LAUNCHER" /> -->
52        <!-- </intent-filter> -->
53        <!-- </activity> -->
54        <activity
54-->src/main/AndroidManifest.xml:28:3-60:14
55            android:name="com.sahi.promotionApp.MainActivity"
55-->src/main/AndroidManifest.xml:29:4-32
56            android:configChanges="orientation|keyboardHidden|keyboard|screenSize|smallestScreenSize|locale|layoutDirection|fontScale|screenLayout|density|uiMode"
56-->src/main/AndroidManifest.xml:32:4-154
57            android:hardwareAccelerated="true"
57-->src/main/AndroidManifest.xml:33:4-38
58            android:launchMode="singleTop"
58-->src/main/AndroidManifest.xml:30:4-34
59            android:theme="@style/LaunchTheme"
59-->src/main/AndroidManifest.xml:31:4-38
60            android:windowSoftInputMode="adjustResize" >
60-->src/main/AndroidManifest.xml:34:4-46
61
62            <!--
63                 This keeps the window background of the activity showing
64                 until Flutter renders its first frame. It can be removed if
65                 there is no splash screen (such as the default splash screen
66                 defined in @style/LaunchTheme).
67            -->
68            <meta-data
68-->src/main/AndroidManifest.xml:39:4-42:7
69                android:name="io.flutter.embedding.android.NormalTheme"
69-->src/main/AndroidManifest.xml:40:5-60
70                android:resource="@style/NormalTheme" />
70-->src/main/AndroidManifest.xml:41:5-42
71            <!--
72                 Displays an Android View that continues showing the launch screen
73                 Drawable until Flutter paints its first frame, then this splash
74                 screen fades out. A splash screen is useful to avoid any visual
75                 gap between the end of Android's launch screen and the painting of
76                 Flutter's first frame.
77            -->
78            <meta-data
78-->src/main/AndroidManifest.xml:48:4-51:7
79                android:name="io.flutter.embedding.android.SplashScreenDrawable"
79-->src/main/AndroidManifest.xml:49:5-69
80                android:resource="@drawable/launch_background" />
80-->src/main/AndroidManifest.xml:50:5-51
81
82            <intent-filter>
82-->src/main/AndroidManifest.xml:52:4-55:20
83                <action android:name="android.intent.action.MAIN" />
83-->src/main/AndroidManifest.xml:53:5-56
83-->src/main/AndroidManifest.xml:53:13-54
84
85                <category android:name="android.intent.category.LAUNCHER" />
85-->src/main/AndroidManifest.xml:54:5-64
85-->src/main/AndroidManifest.xml:54:15-62
86            </intent-filter>
87            <intent-filter>
87-->src/main/AndroidManifest.xml:56:4-59:20
88                <action android:name="FLUTTER_NOTIFICATION_CLICK" />
88-->src/main/AndroidManifest.xml:57:5-57
88-->src/main/AndroidManifest.xml:57:13-54
89
90                <category android:name="android.intent.category.DEFAULT" />
90-->src/main/AndroidManifest.xml:58:5-64
90-->src/main/AndroidManifest.xml:58:15-61
91            </intent-filter>
92        </activity>
93        <!--
94		Don't delete the meta-data below.
95		This is used by the Flutter tool to generate GeneratedPluginRegistrant.java
96        -->
97        <meta-data
97-->src/main/AndroidManifest.xml:65:3-66
98            android:name="flutterEmbedding"
98-->src/main/AndroidManifest.xml:65:14-45
99            android:value="2" />
99-->src/main/AndroidManifest.xml:65:46-63
100        <meta-data
100-->src/main/AndroidManifest.xml:66:3-67:45
101            android:name="com.facebook.sdk.ApplicationId"
101-->src/main/AndroidManifest.xml:66:14-59
102            android:value="@string/facebook_app_id" />
102-->src/main/AndroidManifest.xml:67:4-43
103
104        <service
104-->[:firebase_auth] AndroidManifest.xml:8:9-12:19
105            android:name="com.google.firebase.components.ComponentDiscoveryService"
105-->[:firebase_auth] AndroidManifest.xml:8:18-89
106            android:directBootAware="true"
106-->[com.google.firebase:firebase-common:20.0.0] AndroidManifest.xml:35:13-43
107            android:exported="false" >
107-->[com.google.firebase:firebase-auth:21.0.1] AndroidManifest.xml:76:13-37
108            <meta-data
108-->[:firebase_auth] AndroidManifest.xml:9:13-11:85
109                android:name="com.google.firebase.components:io.flutter.plugins.firebase.auth.FlutterFirebaseAuthRegistrar"
109-->[:firebase_auth] AndroidManifest.xml:10:17-124
110                android:value="com.google.firebase.components.ComponentRegistrar" />
110-->[:firebase_auth] AndroidManifest.xml:11:17-82
111            <meta-data
111-->[:firebase_core] AndroidManifest.xml:9:13-11:85
112                android:name="com.google.firebase.components:io.flutter.plugins.firebase.core.FlutterFirebaseCoreRegistrar"
112-->[:firebase_core] AndroidManifest.xml:10:17-124
113                android:value="com.google.firebase.components.ComponentRegistrar" />
113-->[:firebase_core] AndroidManifest.xml:11:17-82
114            <meta-data
114-->[com.google.firebase:firebase-auth:21.0.1] AndroidManifest.xml:77:13-79:85
115                android:name="com.google.firebase.components:com.google.firebase.auth.FirebaseAuthRegistrar"
115-->[com.google.firebase:firebase-auth:21.0.1] AndroidManifest.xml:78:17-109
116                android:value="com.google.firebase.components.ComponentRegistrar" />
116-->[com.google.firebase:firebase-auth:21.0.1] AndroidManifest.xml:79:17-82
117        </service>
118
119        <activity
119-->[:url_launcher] AndroidManifest.xml:8:9-11:74
120            android:name="io.flutter.plugins.urllauncher.WebViewActivity"
120-->[:url_launcher] AndroidManifest.xml:9:13-74
121            android:exported="false"
121-->[:url_launcher] AndroidManifest.xml:10:13-37
122            android:theme="@android:style/Theme.NoTitleBar.Fullscreen" />
122-->[:url_launcher] AndroidManifest.xml:11:13-71
123        <activity
123-->[com.karumi:dexter:6.2.0] AndroidManifest.xml:27:9-29:72
124            android:name="com.karumi.dexter.DexterActivity"
124-->[com.karumi:dexter:6.2.0] AndroidManifest.xml:28:13-60
125            android:theme="@style/Dexter.Internal.Theme.Transparent" />
125-->[com.karumi:dexter:6.2.0] AndroidManifest.xml:29:13-69
126        <activity
126-->[com.google.firebase:firebase-auth:21.0.1] AndroidManifest.xml:27:9-44:20
127            android:name="com.google.firebase.auth.internal.GenericIdpActivity"
127-->[com.google.firebase:firebase-auth:21.0.1] AndroidManifest.xml:28:13-80
128            android:excludeFromRecents="true"
128-->[com.google.firebase:firebase-auth:21.0.1] AndroidManifest.xml:29:13-46
129            android:exported="true"
129-->[com.google.firebase:firebase-auth:21.0.1] AndroidManifest.xml:30:13-36
130            android:launchMode="singleTask"
130-->[com.google.firebase:firebase-auth:21.0.1] AndroidManifest.xml:31:13-44
131            android:theme="@android:style/Theme.Translucent.NoTitleBar" >
131-->[com.google.firebase:firebase-auth:21.0.1] AndroidManifest.xml:32:13-72
132            <intent-filter>
132-->[com.google.firebase:firebase-auth:21.0.1] AndroidManifest.xml:33:13-43:29
133                <action android:name="android.intent.action.VIEW" />
133-->[com.google.firebase:firebase-auth:21.0.1] AndroidManifest.xml:34:17-69
133-->[com.google.firebase:firebase-auth:21.0.1] AndroidManifest.xml:34:25-66
134
135                <category android:name="android.intent.category.DEFAULT" />
135-->src/main/AndroidManifest.xml:58:5-64
135-->src/main/AndroidManifest.xml:58:15-61
136                <category android:name="android.intent.category.BROWSABLE" />
136-->[com.google.firebase:firebase-auth:21.0.1] AndroidManifest.xml:37:17-78
136-->[com.google.firebase:firebase-auth:21.0.1] AndroidManifest.xml:37:27-75
137
138                <data
138-->[com.google.firebase:firebase-auth:21.0.1] AndroidManifest.xml:39:17-42:51
139                    android:host="firebase.auth"
139-->[com.google.firebase:firebase-auth:21.0.1] AndroidManifest.xml:40:21-49
140                    android:path="/"
140-->[com.google.firebase:firebase-auth:21.0.1] AndroidManifest.xml:41:21-37
141                    android:scheme="genericidp" />
141-->[com.google.firebase:firebase-auth:21.0.1] AndroidManifest.xml:42:21-48
142            </intent-filter>
143        </activity>
144        <activity
144-->[com.google.firebase:firebase-auth:21.0.1] AndroidManifest.xml:45:9-62:20
145            android:name="com.google.firebase.auth.internal.RecaptchaActivity"
145-->[com.google.firebase:firebase-auth:21.0.1] AndroidManifest.xml:46:13-79
146            android:excludeFromRecents="true"
146-->[com.google.firebase:firebase-auth:21.0.1] AndroidManifest.xml:47:13-46
147            android:exported="true"
147-->[com.google.firebase:firebase-auth:21.0.1] AndroidManifest.xml:48:13-36
148            android:launchMode="singleTask"
148-->[com.google.firebase:firebase-auth:21.0.1] AndroidManifest.xml:49:13-44
149            android:theme="@android:style/Theme.Translucent.NoTitleBar" >
149-->[com.google.firebase:firebase-auth:21.0.1] AndroidManifest.xml:50:13-72
150            <intent-filter>
150-->[com.google.firebase:firebase-auth:21.0.1] AndroidManifest.xml:51:13-61:29
151                <action android:name="android.intent.action.VIEW" />
151-->[com.google.firebase:firebase-auth:21.0.1] AndroidManifest.xml:34:17-69
151-->[com.google.firebase:firebase-auth:21.0.1] AndroidManifest.xml:34:25-66
152
153                <category android:name="android.intent.category.DEFAULT" />
153-->src/main/AndroidManifest.xml:58:5-64
153-->src/main/AndroidManifest.xml:58:15-61
154                <category android:name="android.intent.category.BROWSABLE" />
154-->[com.google.firebase:firebase-auth:21.0.1] AndroidManifest.xml:37:17-78
154-->[com.google.firebase:firebase-auth:21.0.1] AndroidManifest.xml:37:27-75
155
156                <data
156-->[com.google.firebase:firebase-auth:21.0.1] AndroidManifest.xml:39:17-42:51
157                    android:host="firebase.auth"
157-->[com.google.firebase:firebase-auth:21.0.1] AndroidManifest.xml:40:21-49
158                    android:path="/"
158-->[com.google.firebase:firebase-auth:21.0.1] AndroidManifest.xml:41:21-37
159                    android:scheme="recaptcha" />
159-->[com.google.firebase:firebase-auth:21.0.1] AndroidManifest.xml:42:21-48
160            </intent-filter>
161        </activity>
162
163        <service
163-->[com.google.firebase:firebase-auth:21.0.1] AndroidManifest.xml:64:9-73:19
164            android:name="com.google.firebase.auth.api.fallback.service.FirebaseAuthFallbackService"
164-->[com.google.firebase:firebase-auth:21.0.1] AndroidManifest.xml:65:13-101
165            android:enabled="true"
165-->[com.google.firebase:firebase-auth:21.0.1] AndroidManifest.xml:66:13-35
166            android:exported="false" >
166-->[com.google.firebase:firebase-auth:21.0.1] AndroidManifest.xml:67:13-37
167            <intent-filter>
167-->[com.google.firebase:firebase-auth:21.0.1] AndroidManifest.xml:68:13-72:29
168                <action android:name="com.google.firebase.auth.api.gms.service.START" />
168-->[com.google.firebase:firebase-auth:21.0.1] AndroidManifest.xml:69:17-89
168-->[com.google.firebase:firebase-auth:21.0.1] AndroidManifest.xml:69:25-86
169
170                <category android:name="android.intent.category.DEFAULT" />
170-->src/main/AndroidManifest.xml:58:5-64
170-->src/main/AndroidManifest.xml:58:15-61
171            </intent-filter>
172        </service>
173
174        <provider
174-->[com.google.firebase:firebase-common:20.0.0] AndroidManifest.xml:26:9-31:39
175            android:name="com.google.firebase.provider.FirebaseInitProvider"
175-->[com.google.firebase:firebase-common:20.0.0] AndroidManifest.xml:27:13-77
176            android:authorities="com.sahi.promotionApp.firebaseinitprovider"
176-->[com.google.firebase:firebase-common:20.0.0] AndroidManifest.xml:28:13-72
177            android:directBootAware="true"
177-->[com.google.firebase:firebase-common:20.0.0] AndroidManifest.xml:29:13-43
178            android:exported="false"
178-->[com.google.firebase:firebase-common:20.0.0] AndroidManifest.xml:30:13-37
179            android:initOrder="100" />
179-->[com.google.firebase:firebase-common:20.0.0] AndroidManifest.xml:31:13-36
180
181        <activity
181-->[com.facebook.android:facebook-common:5.9.0] AndroidManifest.xml:29:9-32:66
182            android:name="com.facebook.FacebookActivity"
182-->[com.facebook.android:facebook-common:5.9.0] AndroidManifest.xml:30:13-57
183            android:configChanges="keyboard|keyboardHidden|screenLayout|screenSize|orientation"
183-->[com.facebook.android:facebook-common:5.9.0] AndroidManifest.xml:31:13-96
184            android:theme="@style/com_facebook_activity_theme" />
184-->[com.facebook.android:facebook-common:5.9.0] AndroidManifest.xml:32:13-63
185        <activity android:name="com.facebook.CustomTabMainActivity" />
185-->[com.facebook.android:facebook-common:5.9.0] AndroidManifest.xml:33:9-71
185-->[com.facebook.android:facebook-common:5.9.0] AndroidManifest.xml:33:19-68
186        <activity android:name="com.facebook.CustomTabActivity" />
186-->[com.facebook.android:facebook-common:5.9.0] AndroidManifest.xml:34:9-67
186-->[com.facebook.android:facebook-common:5.9.0] AndroidManifest.xml:34:19-64
187        <activity
187-->[com.google.android.gms:play-services-base:17.1.0] AndroidManifest.xml:23:9-26:75
188            android:name="com.google.android.gms.common.api.GoogleApiActivity"
188-->[com.google.android.gms:play-services-base:17.1.0] AndroidManifest.xml:24:13-79
189            android:exported="false"
189-->[com.google.android.gms:play-services-base:17.1.0] AndroidManifest.xml:25:13-37
190            android:theme="@android:style/Theme.Translucent.NoTitleBar" />
190-->[com.google.android.gms:play-services-base:17.1.0] AndroidManifest.xml:26:13-72
191
192        <meta-data
192-->[com.google.android.gms:play-services-basement:17.1.0] AndroidManifest.xml:23:9-25:69
193            android:name="com.google.android.gms.version"
193-->[com.google.android.gms:play-services-basement:17.1.0] AndroidManifest.xml:24:13-58
194            android:value="@integer/google_play_services_version" />
194-->[com.google.android.gms:play-services-basement:17.1.0] AndroidManifest.xml:25:13-66
195        <!--
196         The initialization ContentProvider will call FacebookSdk.sdkInitialize automatically
197         with the application context. This config is merged in with the host app's manifest,
198         but there can only be one provider with the same authority activated at any given
199         point; so if the end user has two or more different apps that use Facebook SDK, only the
200         first one will be able to use the provider. To work around this problem, we use the
201         following placeholder in the authority to identify each host application as if it was
202         a completely different provider.
203        -->
204        <provider
204-->[com.facebook.android:facebook-core:5.9.0] AndroidManifest.xml:39:9-42:40
205            android:name="com.facebook.internal.FacebookInitProvider"
205-->[com.facebook.android:facebook-core:5.9.0] AndroidManifest.xml:40:13-70
206            android:authorities="com.sahi.promotionApp.FacebookInitProvider"
206-->[com.facebook.android:facebook-core:5.9.0] AndroidManifest.xml:41:13-72
207            android:exported="false" />
207-->[com.facebook.android:facebook-core:5.9.0] AndroidManifest.xml:42:13-37
208
209        <receiver
209-->[com.facebook.android:facebook-core:5.9.0] AndroidManifest.xml:44:9-50:20
210            android:name="com.facebook.CurrentAccessTokenExpirationBroadcastReceiver"
210-->[com.facebook.android:facebook-core:5.9.0] AndroidManifest.xml:45:13-86
211            android:exported="false" >
211-->[com.facebook.android:facebook-core:5.9.0] AndroidManifest.xml:46:13-37
212            <intent-filter>
212-->[com.facebook.android:facebook-core:5.9.0] AndroidManifest.xml:47:13-49:29
213                <action android:name="com.facebook.sdk.ACTION_CURRENT_ACCESS_TOKEN_CHANGED" />
213-->[com.facebook.android:facebook-core:5.9.0] AndroidManifest.xml:48:17-95
213-->[com.facebook.android:facebook-core:5.9.0] AndroidManifest.xml:48:25-92
214            </intent-filter>
215        </receiver>
216        <receiver
216-->[com.facebook.android:facebook-core:5.9.0] AndroidManifest.xml:51:9-58:20
217            android:name="com.facebook.CampaignTrackingReceiver"
217-->[com.facebook.android:facebook-core:5.9.0] AndroidManifest.xml:52:13-65
218            android:exported="true"
218-->[com.facebook.android:facebook-core:5.9.0] AndroidManifest.xml:53:13-36
219            android:permission="android.permission.INSTALL_PACKAGES" >
219-->[com.facebook.android:facebook-core:5.9.0] AndroidManifest.xml:54:13-69
220            <intent-filter>
220-->[com.facebook.android:facebook-core:5.9.0] AndroidManifest.xml:55:13-57:29
221                <action android:name="com.android.vending.INSTALL_REFERRER" />
221-->[com.facebook.android:facebook-core:5.9.0] AndroidManifest.xml:56:17-79
221-->[com.facebook.android:facebook-core:5.9.0] AndroidManifest.xml:56:25-76
222            </intent-filter>
223        </receiver>
224    </application>
225
226</manifest>